<?xml version="1.0" encoding="UTF-8"?>
<!-- Generated by org.testng.reporters.JUnitReportReporter -->
<testsuite hostname="DESKTOP-L2BE4IM" failures="0" tests="8" name="cucumberOptions.TestNGRunner" time="0.138" errors="0" timestamp="2024-03-05T16:23:40 EET" skipped="0">
  <testcase classname="cucumberOptions.TestNGRunner" name="runScenario" time="0.006"/>
  <testcase classname="cucumberOptions.TestNGRunner" name="runScenario" time="0.011"/>
  <testcase classname="cucumberOptions.TestNGRunner" name="runScenario" time="0.011"/>
  <testcase classname="cucumberOptions.TestNGRunner" name="runScenario" time="0.005"/>
  <testcase classname="cucumberOptions.TestNGRunner" name="runScenario" time="0.016"/>
  <testcase classname="cucumberOptions.TestNGRunner" name="runScenario" time="0.071"/>
  <testcase classname="cucumberOptions.TestNGRunner" name="runScenario" time="0.008"/>
  <testcase classname="cucumberOptions.TestNGRunner" name="runScenario" time="0.010"/>
</testsuite> <!-- cucumberOptions.TestNGRunner -->
