<?xml version="1.0" encoding="UTF-8"?>
<!-- Generated by org.testng.reporters.JUnitReportReporter -->
<testsuite hostname="DESKTOP-L2BE4IM" failures="0" tests="1" name="cucumberOptions.testNGRunner" time="10.076" errors="0" timestamp="2024-03-05T18:42:46 EET" skipped="0">
  <testcase classname="cucumberOptions.testNGRunner" name="runScenario" time="10.076"/>
</testsuite> <!-- cucumberOptions.testNGRunner -->
